#
# There is insufficient memory for the Java Runtime Environment to continue.
# Native memory allocation (mmap) failed to map 264241152 bytes. Error detail: G1 virtual space
# Possible reasons:
#   The system is out of physical RAM or swap space
#   This process is running with CompressedOops enabled, and the Java Heap may be blocking the growth of the native heap
# Possible solutions:
#   Reduce memory load on the system
#   Increase physical memory or swap space
#   Check if swap backing store is full
#   Decrease Java heap size (-Xmx/-Xms)
#   Decrease number of Java threads
#   Decrease Java thread stack sizes (-Xss)
#   Set larger code cache with -XX:ReservedCodeCacheSize=
#   JVM is running with Zero Based Compressed Oops mode in which the Java heap is
#     placed in the first 32GB address space. The Java Heap base address is the
#     maximum limit for the native heap growth. Please use -XX:HeapBaseMinAddress
#     to set the Java Heap base and to place the Java Heap above 32GB virtual address.
# This output file may be truncated or incomplete.
#
#  Out of Memory Error (os_windows.cpp:3631), pid=28232, tid=17832
#
# JRE version:  (22.0+36) (build )
# Java VM: Java HotSpot(TM) 64-Bit Server VM (22+36-2370, mixed mode, sharing, tiered, compressed oops, compressed class ptrs, g1 gc, windows-amd64)
# No core dump will be written. Minidumps are not enabled by default on client versions of Windows
#

---------------  S U M M A R Y ------------

Command Line: -Dfile.encoding=UTF-8 --module-path=C:\Users\Anjali\Documents\NetBeansProjects\university management system\build\classes university.management.system.MARKS

Host: 12th Gen Intel(R) Core(TM) i5-12450H, 12 cores, 15G,  Windows 11 , 64 bit Build 22621 (10.0.22621.3235)
Time: Sat Apr  6 19:01:44 2024 India Standard Time elapsed time: 0.008656 seconds (0d 0h 0m 0s)

---------------  T H R E A D  ---------------

Current thread (0x0000025c0ceb8f20):  JavaThread "Unknown thread" [_thread_in_vm, id=17832, stack(0x000000e1b4d00000,0x000000e1b4e00000) (1024K)]

Stack: [0x000000e1b4d00000,0x000000e1b4e00000]
Native frames: (J=compiled Java code, j=interpreted, Vv=VM code, C=native code)
V  [jvm.dll+0x6e2349]  (no source info available)
V  [jvm.dll+0x874ed3]  (no source info available)
V  [jvm.dll+0x8772fe]  (no source info available)
V  [jvm.dll+0x8779d3]  (no source info available)
V  [jvm.dll+0x27fcb6]  (no source info available)
V  [jvm.dll+0x6de9e5]  (no source info available)
V  [jvm.dll+0x6d34ea]  (no source info available)
V  [jvm.dll+0x35892a]  (no source info available)
V  [jvm.dll+0x360e56]  (no source info available)
V  [jvm.dll+0x3b3d7e]  (no source info available)
V  [jvm.dll+0x3b4028]  (no source info available)
V  [jvm.dll+0x32c4ec]  (no source info available)
V  [jvm.dll+0x32d0a8]  (no source info available)
V  [jvm.dll+0x83cd9c]  (no source info available)
V  [jvm.dll+0x3c0cc1]  (no source info available)
V  [jvm.dll+0x825d8c]  (no source info available)
V  [jvm.dll+0x45b9ee]  (no source info available)
V  [jvm.dll+0x45d871]  (no source info available)
C  [jli.dll+0x52a3]  (no source info available)
C  [ucrtbase.dll+0x29363]  (no source info available)
C  [KERNEL32.DLL+0x1257d]  (no source info available)
C  [ntdll.dll+0x5aa58]  (no source info available)


---------------  P R O C E S S  ---------------

Threads class SMR info:
_java_thread_list=0x00007ff8d20dc1c8, length=0, elements={
}

Java Threads: ( => current thread )
Total: 0

Other Threads:
  0x0000025c0f08d2a0 WorkerThread "GC Thread#0"                     [id=24220, stack(0x000000e1b4e00000,0x000000e1b4f00000) (1024K)]
  0x0000025c0f09dde0 ConcurrentGCThread "G1 Main Marker"            [id=30192, stack(0x000000e1b4f00000,0x000000e1b5000000) (1024K)]
  0x0000025c0f09e8f0 WorkerThread "G1 Conc#0"                       [id=28036, stack(0x000000e1b5000000,0x000000e1b5100000) (1024K)]

[error occurred during error reporting (printing all threads), id 0xc0000005, EXCEPTION_ACCESS_VIOLATION (0xc0000005) at pc=0x00007ff8d182f2b7]
VM state: not at safepoint (not fully initialized)

VM Mutex/Monitor currently owned by a thread:  ([mutex/lock_event])
[0x00007ff8d215ccc8] Heap_lock - owner thread: 0x0000025c0ceb8f20

Heap address: 0x0000000705200000, size: 4014 MB, Compressed Oops mode: Zero based, Oop shift amount: 3

CDS archive(s) mapped at: [0x0000000000000000-0x0000000000000000-0x0000000000000000), size 0, SharedBaseAddress: 0x0000000800000000, ArchiveRelocationMode: 1.
Narrow klass base: 0x0000000000000000, Narrow klass shift: 0, Narrow klass range: 0x0

GC Precious Log:
 CardTable entry size: 512
 Card Set container configuration: InlinePtr #cards 4 size 8 Array Of Cards #cards 16 size 48 Howl #buckets 8 coarsen threshold 3686 Howl Bitmap #cards 512 size 80 coarsen threshold 460 Card regions per heap region 1 cards per card region 4096

Heap:
 garbage-first heap   total reserved 4110336K, committed 0K, used 0K [0x0000000705200000, 0x0000000800000000)
  region size 2048K, 0 young (0K), 0 survivors (0K)

[error occurred during error reporting (printing heap information), id 0xc0000005, EXCEPTION_ACCESS_VIOLATION (0xc0000005) at pc=0x00007ff8d1c2e4e9]
GC Heap History (0 events):
No events

Dll operation events (1 events):
Event: 0.006 Loaded shared library C:\Program Files\Java\jdk-22\bin\java.dll

Deoptimization events (0 events):
No events

Classes loaded (0 events):
No events

Classes unloaded (0 events):
No events

Classes redefined (0 events):
No events

Internal exceptions (0 events):
No events

ZGC Phase Switch (0 events):
No events

VM Operations (0 events):
No events

Events (0 events):
No events


Dynamic libraries:
0x00007ff6b3820000 - 0x00007ff6b3830000 	C:\Program Files\Java\jdk-22\bin\java.exe
0x00007ff959eb0000 - 0x00007ff95a0c6000 	C:\windows\SYSTEM32\ntdll.dll
0x00007ff959000000 - 0x00007ff9590c4000 	C:\windows\System32\KERNEL32.DLL
0x00007ff9577f0000 - 0x00007ff957b96000 	C:\windows\System32\KERNELBASE.dll
0x00007ff9576d0000 - 0x00007ff9577e1000 	C:\windows\System32\ucrtbase.dll
0x00007ff94c5c0000 - 0x00007ff94c5d7000 	C:\Program Files\Java\jdk-22\bin\jli.dll
0x00007ff957c60000 - 0x00007ff957d12000 	C:\windows\System32\ADVAPI32.dll
0x00007ff8e6b50000 - 0x00007ff8e6b6b000 	C:\Program Files\Java\jdk-22\bin\VCRUNTIME140.dll
0x00007ff959d20000 - 0x00007ff959dc7000 	C:\windows\System32\msvcrt.dll
0x00007ff958890000 - 0x00007ff958938000 	C:\windows\System32\sechost.dll
0x00007ff957bd0000 - 0x00007ff957bf8000 	C:\windows\System32\bcrypt.dll
0x00007ff958940000 - 0x00007ff958a55000 	C:\windows\System32\RPCRT4.dll
0x00007ff958e50000 - 0x00007ff958ffd000 	C:\windows\System32\USER32.dll
0x00007ff957ba0000 - 0x00007ff957bc6000 	C:\windows\System32\win32u.dll
0x00007ff959cf0000 - 0x00007ff959d19000 	C:\windows\System32\GDI32.dll
0x00007ff957480000 - 0x00007ff957598000 	C:\windows\System32\gdi32full.dll
0x00007ff91df20000 - 0x00007ff91e1b3000 	C:\windows\WinSxS\amd64_microsoft.windows.common-controls_6595b64144ccf1df_6.0.22621.3235_none_270f74e173860f98\COMCTL32.dll
0x00007ff9573e0000 - 0x00007ff95747a000 	C:\windows\System32\msvcp_win.dll
0x00007ff94b0a0000 - 0x00007ff94b0aa000 	C:\windows\SYSTEM32\VERSION.dll
0x00007ff959c40000 - 0x00007ff959c71000 	C:\windows\System32\IMM32.DLL
0x00007ff8eff40000 - 0x00007ff8eff4c000 	C:\Program Files\Java\jdk-22\bin\vcruntime140_1.dll
0x00007ff8c0a40000 - 0x00007ff8c0ace000 	C:\Program Files\Java\jdk-22\bin\msvcp140.dll
0x00007ff8d14f0000 - 0x00007ff8d2238000 	C:\Program Files\Java\jdk-22\bin\server\jvm.dll
0x00007ff9596e0000 - 0x00007ff959751000 	C:\windows\System32\WS2_32.dll
0x00007ff956080000 - 0x00007ff9560cd000 	C:\windows\SYSTEM32\POWRPROF.dll
0x00007ff94ce70000 - 0x00007ff94cea4000 	C:\windows\SYSTEM32\WINMM.dll
0x00007ff956060000 - 0x00007ff956073000 	C:\windows\SYSTEM32\UMPDC.dll
0x00007ff9562c0000 - 0x00007ff9562d8000 	C:\windows\SYSTEM32\kernel.appcore.dll
0x00007ff8ee670000 - 0x00007ff8ee67a000 	C:\Program Files\Java\jdk-22\bin\jimage.dll
0x00007ff954b30000 - 0x00007ff954d63000 	C:\windows\SYSTEM32\DBGHELP.DLL
0x00007ff958a60000 - 0x00007ff958de8000 	C:\windows\System32\combase.dll
0x00007ff9587b0000 - 0x00007ff958887000 	C:\windows\System32\OLEAUT32.dll
0x00007ff93e4d0000 - 0x00007ff93e502000 	C:\windows\SYSTEM32\dbgcore.DLL
0x00007ff9571f0000 - 0x00007ff95726a000 	C:\windows\System32\bcryptPrimitives.dll
0x00007ff8d14d0000 - 0x00007ff8d14ee000 	C:\Program Files\Java\jdk-22\bin\java.dll
0x00007ff957dd0000 - 0x00007ff95862d000 	C:\windows\System32\SHELL32.dll
0x00007ff959a20000 - 0x00007ff959bbf000 	C:\windows\System32\ole32.dll

dbghelp: loaded successfully - version: 4.0.5 - missing functions: none
symbol engine: initialized successfully - sym options: 0x614 - pdb path: .;C:\Program Files\Java\jdk-22\bin;C:\windows\SYSTEM32;C:\windows\WinSxS\amd64_microsoft.windows.common-controls_6595b64144ccf1df_6.0.22621.3235_none_270f74e173860f98;C:\Program Files\Java\jdk-22\bin\server

VM Arguments:
jvm_args: -Dfile.encoding=UTF-8 --module-path=C:\Users\Anjali\Documents\NetBeansProjects\university management system\build\classes 
java_command: university.management.system.MARKS
java_class_path (initial): C:\Users\Anjali\Downloads\Jar-20240405T080521Z-001\Jar\mysql-connector-java-8.0.28.jar;C:\Users\Anjali\Downloads\Jar-20240405T080521Z-001\Jar\jcalendar-tz-1.3.3-4.jar;C:\Users\Anjali\Downloads\Jar-20240405T080521Z-001\Jar\rs2xml.jar;C:\Users\Anjali\Documents\NetBeansProjects\university management system\build\classes
Launcher Type: SUN_STANDARD

[Global flags]
     intx CICompilerCount                          = 4                                         {product} {ergonomic}
     uint ConcGCThreads                            = 3                                         {product} {ergonomic}
     uint G1ConcRefinementThreads                  = 10                                        {product} {ergonomic}
   size_t G1HeapRegionSize                         = 2097152                                   {product} {ergonomic}
   size_t InitialHeapSize                          = 264241152                                 {product} {ergonomic}
   size_t MarkStackSize                            = 4194304                                   {product} {ergonomic}
   size_t MaxHeapSize                              = 4208984064                                {product} {ergonomic}
   size_t MinHeapDeltaBytes                        = 2097152                                   {product} {ergonomic}
   size_t MinHeapSize                              = 8388608                                   {product} {ergonomic}
    uintx NonNMethodCodeHeapSize                   = 5839372                                {pd product} {ergonomic}
    uintx NonProfiledCodeHeapSize                  = 122909434                              {pd product} {ergonomic}
    uintx ProfiledCodeHeapSize                     = 122909434                              {pd product} {ergonomic}
    uintx ReservedCodeCacheSize                    = 251658240                              {pd product} {ergonomic}
     bool SegmentedCodeCache                       = true                                      {product} {ergonomic}
   size_t SoftMaxHeapSize                          = 4208984064                             {manageable} {ergonomic}
     bool UseCompressedOops                        = true                           {product lp64_product} {ergonomic}
     bool UseG1GC                                  = true                                      {product} {ergonomic}
     bool UseLargePagesIndividualAllocation        = false                                  {pd product} {ergonomic}

Logging:
Log output configuration:
 #0: stdout all=warning uptime,level,tags foldmultilines=false
 #1: stderr all=off uptime,level,tags foldmultilines=false

Environment Variables:
JAVA_HOME=C:\Program Files\Java\jdk-22
PATH=C:\Program Files\Common Files\Oracle\Java\javapath;C:\app\Anjali\product\21c\dbhomeXE\bin;C:\windows\system32;C:\windows;C:\windows\System32\Wbem;C:\windows\System32\WindowsPowerShell\v1.0\;C:\windows\System32\OpenSSH\;C:\Program Files (x86)\NVIDIA Corporation\PhysX\Common;C:\Program Files\NVIDIA Corporation\NVIDIA NvDLISR;C:\Program Files\HP\HP One Agent;C:\Program Files\Java\jdk-22\bin;C:\Program Files\MySQL\MySQL Server 8.0\bin;C:\Program Files\MySQL\MySQL Shell 8.0\bin\;C:\Users\Anjali\AppData\Local\Programs\Python\Python312\Scripts\;C:\Users\Anjali\AppData\Local\Programs\Python\Python312\;C:\Users\Anjali\AppData\Local\Microsoft\WindowsApps;C:\Users\Anjali\AppData\Local\Programs\Microsoft VS Code\bin
USERNAME=Anjali
OS=Windows_NT
PROCESSOR_IDENTIFIER=Intel64 Family 6 Model 154 Stepping 3, GenuineIntel
TMP=C:\Users\Anjali\AppData\Local\Temp
TEMP=C:\Users\Anjali\AppData\Local\Temp




Periodic native trim disabled

---------------  S Y S T E M  ---------------

OS:
 Windows 11 , 64 bit Build 22621 (10.0.22621.3235)
OS uptime: 0 days 9:41 hours
Hyper-V role detected

CPU: total 12 (initial active 12) (6 cores per cpu, 2 threads per core) family 6 model 154 stepping 3 microcode 0x42c, cx8, cmov, fxsr, ht, mmx, 3dnowpref, sse, sse2, sse3, ssse3, sse4.1, sse4.2, popcnt, lzcnt, tsc, tscinvbit, avx, avx2, aes, erms, clmul, bmi1, bmi2, adx, sha, fma, vzeroupper, clflush, clflushopt, clwb, hv, serialize, rdtscp, rdpid, fsrm, f16c, cet_ibt, cet_ss
Processor Information for processor 0
  Max Mhz: 2000, Current Mhz: 2000, Mhz Limit: 2000
Processor Information for processor 1
  Max Mhz: 2000, Current Mhz: 2000, Mhz Limit: 2000
Processor Information for processor 2
  Max Mhz: 2000, Current Mhz: 2000, Mhz Limit: 2000
Processor Information for processor 3
  Max Mhz: 2000, Current Mhz: 2000, Mhz Limit: 2000
Processor Information for processor 4
  Max Mhz: 2000, Current Mhz: 2000, Mhz Limit: 2000
Processor Information for processor 5
  Max Mhz: 2000, Current Mhz: 2000, Mhz Limit: 2000
Processor Information for processor 6
  Max Mhz: 2000, Current Mhz: 2000, Mhz Limit: 2000
Processor Information for processor 7
  Max Mhz: 2000, Current Mhz: 2000, Mhz Limit: 2000
Processor Information for processor 8
  Max Mhz: 2000, Current Mhz: 1500, Mhz Limit: 1500
Processor Information for processor 9
  Max Mhz: 2000, Current Mhz: 1500, Mhz Limit: 1500
Processor Information for processor 10
  Max Mhz: 2000, Current Mhz: 1500, Mhz Limit: 1500
Processor Information for processor 11
  Max Mhz: 2000, Current Mhz: 1500, Mhz Limit: 1500

Memory: 4k page, system-wide physical 16052M (3948M free)
TotalPageFile size 51367M (AvailPageFile size 53M)
current process WorkingSet (physical memory assigned to process): 12M, peak: 12M
current process commit charge ("private bytes"): 64M, peak: 316M

vm_info: Java HotSpot(TM) 64-Bit Server VM (22+36-2370) for windows-amd64 JRE (22+36-2370), built on 2024-02-15T22:15:19Z by "mach5one" with MS VC++ 17.6 (VS2022)

END.
